<?xml version="1.0" encoding="UTF-8"?>
<!-- Generated by org.testng.reporters.JUnitReportReporter -->
<testsuite hostname="Waqas" failures="0" tests="9" name="testing_Code_Mar14.Enabled_Operations" time="0.017" errors="0" timestamp="2024-03-14T13:41:43 EDT" skipped="1">
  <testcase classname="testing_Code_Mar14.Enabled_Operations" name="tc3" time="0.010"/>
  <system-out/>
  <testcase classname="testing_Code_Mar14.Enabled_Operations" name="tc1" time="0.001"/>
  <system-out/>
  <testcase classname="testing_Code_Mar14.Enabled_Operations" name="tc2" time="0.001"/>
  <system-out/>
  <testcase classname="testing_Code_Mar14.Enabled_Operations" name="tc5" time="0.001"/>
  <system-out/>
  <testcase classname="testing_Code_Mar14.Enabled_Operations" name="tc5" time="0.001"/>
  <system-out/>
  <testcase classname="testing_Code_Mar14.Enabled_Operations" name="tc5" time="0.001"/>
  <system-out/>
  <testcase classname="testing_Code_Mar14.Enabled_Operations" name="tc5" time="0.001"/>
  <system-out/>
  <testcase classname="testing_Code_Mar14.Enabled_Operations" name="tc5" time="0.001"/>
  <system-out/>
  <testcase classname="testing_Code_Mar14.Enabled_Operations" name="tc4">
    <skipped/>
  </testcase> <!-- tc4 -->
  <system-out/>
</testsuite> <!-- testing_Code_Mar14.Enabled_Operations -->
