<?xml version="1.0" encoding="UTF-8"?>
<!-- Generated by org.testng.reporters.JUnitReportReporter -->
<testsuite hostname="Waqas" failures="0" tests="2" name="testing_Code_Mar13.PlayAround" time="14.000" errors="0" timestamp="2024-03-13T15:08:15 EDT" skipped="0">
  <testcase classname="testing_Code_Mar13.PlayAround" name="openBrowser" time="9.731"/>
  <system-out/>
  <testcase classname="testing_Code_Mar13.PlayAround" name="signIn" time="4.269"/>
  <system-out/>
</testsuite> <!-- testing_Code_Mar13.PlayAround -->
