<?xml version="1.0" encoding="UTF-8"?>
<!-- Generated by org.testng.reporters.JUnitReportReporter -->
<testsuite hostname="Waqas" failures="0" tests="1" name="testing_Code_Mar29.Multiple_Browser_Parameters3" time="6.943" errors="0" timestamp="2024-03-30T15:19:48 EDT" skipped="0">
  <testcase classname="testing_Code_Mar29.Multiple_Browser_Parameters3" name="rediffLogin" time="6.943"/>
  <system-out/>
</testsuite> <!-- testing_Code_Mar29.Multiple_Browser_Parameters3 -->
