<?xml version="1.0" encoding="UTF-8"?>
<!-- Generated by org.testng.reporters.JUnitReportReporter -->
<testsuite hostname="Waqas" failures="0" tests="3" name="testing_Code_Mar22.Optional_Parameterization" time="10.931" errors="0" timestamp="2024-03-29T18:29:10 EDT" skipped="0">
  <testcase classname="testing_Code_Mar22.Optional_Parameterization" name="launchUrl" time="3.401"/>
  <system-out/>
  <testcase classname="testing_Code_Mar22.Optional_Parameterization" name="clickOnSignIn" time="5.335"/>
  <system-out/>
  <testcase classname="testing_Code_Mar22.Optional_Parameterization" name="logIn" time="2.195"/>
  <system-out/>
</testsuite> <!-- testing_Code_Mar22.Optional_Parameterization -->
