<?xml version="1.0" encoding="UTF-8"?>
<!-- Generated by org.testng.reporters.JUnitReportReporter -->
<testsuite hostname="Waqas" failures="0" tests="3" name="testing_Code_Mar22.Parameterization" time="5.856" errors="0" timestamp="2024-03-29T17:42:49 EDT" skipped="0">
  <testcase classname="testing_Code_Mar22.Parameterization" name="launchUrl" time="1.620"/>
  <system-out/>
  <testcase classname="testing_Code_Mar22.Parameterization" name="clickOnSignIn" time="2.016"/>
  <system-out/>
  <testcase classname="testing_Code_Mar22.Parameterization" name="logIn" time="2.220"/>
  <system-out/>
</testsuite> <!-- testing_Code_Mar22.Parameterization -->
