<?xml version="1.0" encoding="UTF-8"?>
<!-- Generated by org.testng.reporters.JUnitReportReporter -->
<testsuite hostname="Waqas" failures="0" tests="3" name="testing_Code_Mar22.WebDriverWait_Depends_AlwaysRun" time="5.913" errors="0" timestamp="2024-03-22T17:29:27 EDT" skipped="0">
  <testcase classname="testing_Code_Mar22.WebDriverWait_Depends_AlwaysRun" name="openBrowser" time="1.790"/>
  <system-out/>
  <testcase classname="testing_Code_Mar22.WebDriverWait_Depends_AlwaysRun" name="signIn" time="2.100"/>
  <system-out/>
  <testcase classname="testing_Code_Mar22.WebDriverWait_Depends_AlwaysRun" name="login" time="2.023"/>
  <system-out/>
</testsuite> <!-- testing_Code_Mar22.WebDriverWait_Depends_AlwaysRun -->
