<?xml version="1.0" encoding="UTF-8"?>
<!-- Generated by org.testng.reporters.JUnitReportReporter -->
<testsuite hostname="Waqas" failures="0" tests="1" name="testing_Code_Mar18.Important_Methods_in_Assert" time="5.694" errors="0" timestamp="2024-03-18T18:34:46 EDT" skipped="0">
  <testcase classname="testing_Code_Mar18.Important_Methods_in_Assert" name="logic" time="5.694"/>
  <system-out/>
</testsuite> <!-- testing_Code_Mar18.Important_Methods_in_Assert -->
