<?xml version="1.0" encoding="UTF-8"?>
<!-- Generated by org.testng.reporters.JUnitReportReporter -->
<testsuite hostname="Waqas" failures="0" tests="1" name="testing_Code_Mar21.Wait_Conditions" time="11.803" errors="0" timestamp="2024-03-21T14:22:18 EDT" skipped="0">
  <testcase classname="testing_Code_Mar21.Wait_Conditions" name="signIn" time="11.803"/>
  <system-out/>
</testsuite> <!-- testing_Code_Mar21.Wait_Conditions -->
