<?xml version="1.0" encoding="UTF-8"?>
<!-- Generated by org.testng.reporters.JUnitReportReporter -->
<testsuite hostname="Waqas" failures="0" tests="1" name="testing_Code_Mar29.Multiple_Browser_Parameters" time="6.695" errors="0" timestamp="2024-03-29T22:27:30 EDT" skipped="0">
  <testcase classname="testing_Code_Mar29.Multiple_Browser_Parameters" name="rediffLogin" time="6.695"/>
  <system-out/>
</testsuite> <!-- testing_Code_Mar29.Multiple_Browser_Parameters -->
