<?xml version="1.0" encoding="UTF-8"?>
<!-- Generated by org.testng.reporters.JUnitReportReporter -->
<testsuite hostname="Waqas" failures="0" tests="1" name="testing_Code_Mar31.Rediff_Recording" time="10.980" errors="0" timestamp="2024-03-31T15:57:11 EDT" skipped="0">
  <testcase classname="testing_Code_Mar31.Rediff_Recording" name="test" time="10.980"/>
  <system-out/>
</testsuite> <!-- testing_Code_Mar31.Rediff_Recording -->
