<?xml version="1.0" encoding="UTF-8"?>
<!-- Generated by org.testng.reporters.JUnitReportReporter -->
<testsuite hostname="Waqas" failures="0" tests="3" name="testing_Code_Mar13.PlayAround" time="6.385" errors="0" timestamp="2024-03-14T12:29:34 EDT" skipped="0">
  <testcase classname="testing_Code_Mar13.PlayAround" name="openBrowser" time="2.075"/>
  <system-out/>
  <testcase classname="testing_Code_Mar13.PlayAround" name="signIn" time="4.298"/>
  <system-out/>
  <testcase classname="testing_Code_Mar13.PlayAround" name="printTitle" time="0.012"/>
  <system-out/>
</testsuite> <!-- testing_Code_Mar13.PlayAround -->
