<?xml version="1.0" encoding="UTF-8"?>
<!-- Generated by org.testng.reporters.JUnitReportReporter -->
<testsuite hostname="Waqas" failures="0" tests="2" name="testing_Code_Mar14.Tri_Combo" time="0.015" errors="0" timestamp="2024-03-14T12:38:58 EDT" skipped="0">
  <testcase classname="testing_Code_Mar14.Tri_Combo" name="testCase2" time="0.009"/>
  <system-out/>
  <testcase classname="testing_Code_Mar14.Tri_Combo" name="testCase1" time="0.006"/>
  <system-out/>
</testsuite> <!-- testing_Code_Mar14.Tri_Combo -->
