<?xml version="1.0" encoding="UTF-8"?>
<!-- Generated by org.testng.reporters.JUnitReportReporter -->
<testsuite hostname="Waqas" failures="0" tests="2" name="testing_Code_Mar30.OrangeHRM_Parameters" time="6.217" errors="0" timestamp="2024-03-30T17:16:11 EDT" skipped="0">
  <testcase classname="testing_Code_Mar30.OrangeHRM_Parameters" name="launchUrl" time="4.009"/>
  <system-out/>
  <testcase classname="testing_Code_Mar30.OrangeHRM_Parameters" name="subscribe" time="2.208"/>
  <system-out/>
</testsuite> <!-- testing_Code_Mar30.OrangeHRM_Parameters -->
