<?xml version="1.0" encoding="UTF-8"?>
<!-- Generated by org.testng.reporters.JUnitReportReporter -->
<testsuite hostname="Waqas" failures="0" tests="3" name="testing_Code_Mar18.Enabled_vs_AlwaysRun" time="0.010" errors="0" timestamp="2024-03-18T17:24:32 EDT" skipped="0">
  <testcase classname="testing_Code_Mar18.Enabled_vs_AlwaysRun" name="logic1" time="0.008"/>
  <system-out/>
  <testcase classname="testing_Code_Mar18.Enabled_vs_AlwaysRun" name="logic2" time="0.001"/>
  <system-out/>
  <testcase classname="testing_Code_Mar18.Enabled_vs_AlwaysRun" name="logic3" time="0.001"/>
  <system-out/>
</testsuite> <!-- testing_Code_Mar18.Enabled_vs_AlwaysRun -->
