<?xml version="1.0" encoding="UTF-8"?>
<!-- Generated by org.testng.reporters.JUnitReportReporter -->
<testsuite hostname="Waqas" failures="0" tests="1" name="testing_Code_Mar25.CSS_SELECTORS" time="12.541" errors="0" timestamp="2024-03-25T12:48:20 EDT" skipped="0">
  <testcase classname="testing_Code_Mar25.CSS_SELECTORS" name="clickOnSignIn" time="12.541"/>
  <system-out/>
</testsuite> <!-- testing_Code_Mar25.CSS_SELECTORS -->
