<?xml version="1.0" encoding="UTF-8"?>
<!-- Generated by org.testng.reporters.JUnitReportReporter -->
<testsuite hostname="Waqas" failures="0" tests="3" name="testing_Code_Mar21.Web_Driver_Wait" time="3.785" errors="0" timestamp="2024-03-21T22:27:38 EDT" skipped="0">
  <testcase classname="testing_Code_Mar21.Web_Driver_Wait" name="openBrowser" time="1.723"/>
  <system-out/>
  <testcase classname="testing_Code_Mar21.Web_Driver_Wait" name="signIn" time="1.782"/>
  <system-out/>
  <testcase classname="testing_Code_Mar21.Web_Driver_Wait" name="login" time="0.280"/>
  <system-out/>
</testsuite> <!-- testing_Code_Mar21.Web_Driver_Wait -->
