<?xml version="1.0" encoding="UTF-8"?>
<!-- Generated by org.testng.reporters.JUnitReportReporter -->
<testsuite hostname="Waqas" failures="0" tests="1" name="testing_Code_Mar13.Execution_Priorities" time="0.009" errors="0" timestamp="2024-03-13T14:23:40 EDT" skipped="0">
  <testcase classname="testing_Code_Mar13.Execution_Priorities" name="testCase" time="0.009"/>
  <system-out/>
</testsuite> <!-- testing_Code_Mar13.Execution_Priorities -->
