<?xml version="1.0" encoding="UTF-8"?>
<!-- Generated by org.testng.reporters.JUnitReportReporter -->
<testsuite hostname="Waqas" failures="0" tests="1" name="testing_Code_Mar21.Explicit_Wait" time="2.488" errors="0" timestamp="2024-03-21T15:32:26 EDT" skipped="0">
  <testcase classname="testing_Code_Mar21.Explicit_Wait" name="signIn" time="2.488"/>
  <system-out/>
</testsuite> <!-- testing_Code_Mar21.Explicit_Wait -->
