<?xml version="1.0" encoding="UTF-8"?>
<!-- Generated by org.testng.reporters.JUnitReportReporter -->
<testsuite hostname="Waqas" failures="0" tests="5" name="testing_Code_Mar14.Test_Priority" time="0.012" errors="0" timestamp="2024-03-14T14:04:30 EDT" skipped="0">
  <testcase classname="testing_Code_Mar14.Test_Priority" name="tc3" time="0.010"/>
  <system-out/>
  <testcase classname="testing_Code_Mar14.Test_Priority" name="tc1" time="0.001"/>
  <system-out/>
  <testcase classname="testing_Code_Mar14.Test_Priority" name="tc2" time="0.000"/>
  <system-out/>
  <testcase classname="testing_Code_Mar14.Test_Priority" name="tc5" time="0.001"/>
  <system-out/>
  <testcase classname="testing_Code_Mar14.Test_Priority" name="tc4" time="0.000"/>
  <system-out/>
</testsuite> <!-- testing_Code_Mar14.Test_Priority -->
