<?xml version="1.0" encoding="UTF-8"?>
<!-- Generated by org.testng.reporters.JUnitReportReporter -->
<testsuite hostname="Waqas" failures="0" tests="3" name="testing_Code_Mar30.Facebook_Parameters" time="5.570" errors="0" timestamp="2024-03-30T17:16:11 EDT" skipped="0">
  <testcase classname="testing_Code_Mar30.Facebook_Parameters" name="launchUrl" time="3.142"/>
  <system-out/>
  <testcase classname="testing_Code_Mar30.Facebook_Parameters" name="createAccountLink" time="0.165"/>
  <system-out/>
  <testcase classname="testing_Code_Mar30.Facebook_Parameters" name="createAccount" time="2.263"/>
  <system-out/>
</testsuite> <!-- testing_Code_Mar30.Facebook_Parameters -->
