<?xml version="1.0" encoding="UTF-8"?>
<!-- Generated by org.testng.reporters.JUnitReportReporter -->
<testsuite hostname="Waqas" failures="0" tests="2" name="testing_Code_Mar14.Tri_Combo2" time="4.601" errors="0" timestamp="2024-03-14T13:09:25 EDT" skipped="0">
  <testcase classname="testing_Code_Mar14.Tri_Combo2" name="testCase2" time="1.291"/>
  <system-out/>
  <testcase classname="testing_Code_Mar14.Tri_Combo2" name="testCase1" time="3.310"/>
  <system-out/>
</testsuite> <!-- testing_Code_Mar14.Tri_Combo2 -->
