<?xml version="1.0" encoding="UTF-8"?>
<!-- Generated by org.testng.reporters.JUnitReportReporter -->
<testsuite hostname="Waqas" failures="0" tests="3" name="testing_Code_Mar30.Rediff_Parameters" time="10.624" errors="0" timestamp="2024-03-30T17:16:11 EDT" skipped="0">
  <testcase classname="testing_Code_Mar30.Rediff_Parameters" name="launchUrl" time="6.289"/>
  <system-out/>
  <testcase classname="testing_Code_Mar30.Rediff_Parameters" name="signInPage" time="1.911"/>
  <system-out/>
  <testcase classname="testing_Code_Mar30.Rediff_Parameters" name="login" time="2.424"/>
  <system-out/>
</testsuite> <!-- testing_Code_Mar30.Rediff_Parameters -->
