<?xml version="1.0" encoding="UTF-8"?>
<!-- Generated by org.testng.reporters.JUnitReportReporter -->
<testsuite hostname="Waqas" failures="0" tests="1" name="testing_Code_Mar25.NewSelectors_Selenium4" time="14.018" errors="0" timestamp="2024-03-26T21:25:51 EDT" skipped="0">
  <testcase classname="testing_Code_Mar25.NewSelectors_Selenium4" name="checkingNewLocators" time="14.018"/>
  <system-out/>
</testsuite> <!-- testing_Code_Mar25.NewSelectors_Selenium4 -->
