<?xml version="1.0" encoding="UTF-8"?>
<!-- Generated by org.testng.reporters.JUnitReportReporter -->
<testsuite hostname="Waqas" failures="0" tests="1" name="NewTest" time="0.006" errors="0" timestamp="2024-03-13T14:44:46 EDT" skipped="0">
  <testcase classname="NewTest" name="testcase" time="0.006"/>
  <system-out/>
</testsuite> <!-- NewTest -->
