<?xml version="1.0" encoding="UTF-8"?>
<!-- Generated by org.testng.reporters.JUnitReportReporter -->
<testsuite hostname="Waqas" failures="0" tests="3" name="testing_Code_Mar22.Parameterization" time="6.125" errors="0" timestamp="2024-03-22T22:01:08 EDT" skipped="0">
  <testcase classname="testing_Code_Mar22.Parameterization" name="launchUrl" time="1.916"/>
  <system-out/>
  <testcase classname="testing_Code_Mar22.Parameterization" name="clickOnSignIn" time="1.914"/>
  <system-out/>
  <testcase classname="testing_Code_Mar22.Parameterization" name="logIn" time="2.295"/>
  <system-out/>
</testsuite> <!-- testing_Code_Mar22.Parameterization -->
