<?xml version="1.0" encoding="UTF-8"?>
<!-- Generated by org.testng.reporters.JUnitReportReporter -->
<testsuite hostname="Waqas" failures="0" tests="1" name="testing_Code_Mar29.Multiple_Browser_Parameters" time="7.328" errors="0" timestamp="2024-03-30T14:56:02 EDT" skipped="0">
  <testcase classname="testing_Code_Mar29.Multiple_Browser_Parameters" name="rediffLogin" time="7.328"/>
  <system-out/>
</testsuite> <!-- testing_Code_Mar29.Multiple_Browser_Parameters -->
