<?xml version="1.0" encoding="UTF-8"?>
<!-- Generated by org.testng.reporters.JUnitReportReporter -->
<testsuite hostname="Waqas" failures="0" tests="2" name="testing_Code_Mar18.Assertions_in_TestNG" time="0.023" errors="0" timestamp="2024-03-18T17:45:49 EDT" skipped="0">
  <testcase classname="testing_Code_Mar18.Assertions_in_TestNG" name="test" time="0.022"/>
  <system-out/>
  <testcase classname="testing_Code_Mar18.Assertions_in_TestNG" name="test2" time="0.001"/>
  <system-out/>
</testsuite> <!-- testing_Code_Mar18.Assertions_in_TestNG -->
