<?xml version="1.0" encoding="UTF-8"?>
<!-- Generated by org.testng.reporters.JUnitReportReporter -->
<testsuite hostname="Waqas" failures="0" tests="1" name="testing_Code_Mar21.Explicit_Wait" time="3.698" errors="0" timestamp="2024-03-21T21:22:59 EDT" skipped="0">
  <testcase classname="testing_Code_Mar21.Explicit_Wait" name="signIn" time="3.698"/>
  <system-out/>
</testsuite> <!-- testing_Code_Mar21.Explicit_Wait -->
